<?xml version="1.0" encoding="UTF-8"?>
<!-- Generated by org.testng.reporters.JUnitXMLReporter -->
<testsuite hostname="3279HIMANS2323D" ignored="0" name="Test(failed)" tests="1" failures="1" timestamp="10 Dec 2019 10:31:26 GMT" time="43.468" errors="0">
  <testcase name="Login" time="0.141" classname="Paytm.MobileAutomation.Testcases.PaytmLoginTest">
    <failure type="java.lang.NullPointerException">
      <![CDATA[java.lang.NullPointerException
	at java.util.Objects.requireNonNull(Objects.java:203)
	at org.openqa.selenium.support.ui.FluentWait.<init>(FluentWait.java:115)
	at org.openqa.selenium.support.ui.WebDriverWait.<init>(WebDriverWait.java:102)
	at org.openqa.selenium.support.ui.WebDriverWait.<init>(WebDriverWait.java:45)
	at Paytm.MobileAutomation.Pages.paytmLoginPage.paytmlogin(paytmLoginPage.java:38)
	at Paytm.MobileAutomation.Testcases.PaytmLoginTest.Login(PaytmLoginTest.java:41)
... Removed 25 stack frames]]>
    </failure>
  </testcase> <!-- Login -->
</testsuite> <!-- Test(failed) -->
